Command line invocation:
    /Applications/Xcode-26.5.0.app/Contents/Developer/usr/bin/xcodebuild -project 知乎日报-SwiftUI.xcodeproj -scheme DailyReader -destination "platform=iOS Simulator,name=iPhone 17" "-only-testing:DailyReaderTests" -resultBundlePath docs/v1.0/acceptance-reports/20260621-acceptance-evidence/second-round-unit.xcresult test

Writing result bundle at path:
	/Users/pengzishang/Documents/知乎日报-SwiftUI/docs/v1.0/acceptance-reports/20260621-acceptance-evidence/second-round-unit.xcresult

ComputePackagePrebuildTargetDependencyGraph

Prepare packages

CreateBuildRequest

SendProjectDescription

CreateBuildOperation

ComputeTargetDependencyGraph
note: Building targets in dependency order
note: Target dependency graph (3 targets)
    Target 'DailyReaderUITests' in project '知乎日报-SwiftUI'
        ➜ Explicit dependency on target 'DailyReader' in project '知乎日报-SwiftUI'
    Target 'DailyReaderTests' in project '知乎日报-SwiftUI'
        ➜ Explicit dependency on target 'DailyReader' in project '知乎日报-SwiftUI'
    Target 'DailyReader' in project '知乎日报-SwiftUI' (no dependencies)

GatherProvisioningInputs

CreateBuildDescription

ClangStatCache /Applications/Xcode-26.5.0.app/Contents/Developer/Toolchains/XcodeDefault.xctoolchain/usr/bin/clang-stat-cache /Applications/Xcode-26.5.0.app/Contents/Developer/Platforms/iPhoneSimulator.platform/Developer/SDKs/iPhoneSimulator26.5.sdk /Users/pengzishang/Library/Developer/Xcode/DerivedData/SDKStatCaches.noindex/iphonesimulator26.5-23F73-21837ebbc329da063fcadaf6b3048059.sdkstatcache
    cd /Users/pengzishang/Documents/知乎日报-SwiftUI/知乎日报-SwiftUI.xcodeproj
    /Applications/Xcode-26.5.0.app/Contents/Developer/Toolchains/XcodeDefault.xctoolchain/usr/bin/clang-stat-cache /Applications/Xcode-26.5.0.app/Contents/Developer/Platforms/iPhoneSimulator.platform/Developer/SDKs/iPhoneSimulator26.5.sdk -o /Users/pengzishang/Library/Developer/Xcode/DerivedData/SDKStatCaches.noindex/iphonesimulator26.5-23F73-21837ebbc329da063fcadaf6b3048059.sdkstatcache

ProcessInfoPlistFile /Users/pengzishang/Library/Developer/Xcode/DerivedData/知乎日报-SwiftUI-eodslysxiptxuacffaotqhxgmaok/Build/Products/Debug-iphonesimulator/DailyReader.app/Info.plist /Users/pengzishang/Documents/知乎日报-SwiftUI/DailyReader/Resources/Info.plist (in target 'DailyReader' from project '知乎日报-SwiftUI')
    cd /Users/pengzishang/Documents/知乎日报-SwiftUI
    builtin-infoPlistUtility /Users/pengzishang/Documents/知乎日报-SwiftUI/DailyReader/Resources/Info.plist -producttype com.apple.product-type.application -genpkginfo /Users/pengzishang/Library/Developer/Xcode/DerivedData/知乎日报-SwiftUI-eodslysxiptxuacffaotqhxgmaok/Build/Products/Debug-iphonesimulator/DailyReader.app/PkgInfo -expandbuildsettings -format binary -platform iphonesimulator -o /Users/pengzishang/Library/Developer/Xcode/DerivedData/知乎日报-SwiftUI-eodslysxiptxuacffaotqhxgmaok/Build/Products/Debug-iphonesimulator/DailyReader.app/Info.plist

CopySwiftLibs /Users/pengzishang/Library/Developer/Xcode/DerivedData/知乎日报-SwiftUI-eodslysxiptxuacffaotqhxgmaok/Build/Products/Debug-iphonesimulator/DailyReader.app (in target 'DailyReader' from project '知乎日报-SwiftUI')
    cd /Users/pengzishang/Documents/知乎日报-SwiftUI
    builtin-swiftStdLibTool --copy --verbose --sign - --scan-executable /Users/pengzishang/Library/Developer/Xcode/DerivedData/知乎日报-SwiftUI-eodslysxiptxuacffaotqhxgmaok/Build/Products/Debug-iphonesimulator/DailyReader.app/DailyReader.debug.dylib --scan-folder /Users/pengzishang/Library/Developer/Xcode/DerivedData/知乎日报-SwiftUI-eodslysxiptxuacffaotqhxgmaok/Build/Products/Debug-iphonesimulator/DailyReader.app/Frameworks --scan-folder /Users/pengzishang/Library/Developer/Xcode/DerivedData/知乎日报-SwiftUI-eodslysxiptxuacffaotqhxgmaok/Build/Products/Debug-iphonesimulator/DailyReader.app/PlugIns --scan-folder /Users/pengzishang/Library/Developer/Xcode/DerivedData/知乎日报-SwiftUI-eodslysxiptxuacffaotqhxgmaok/Build/Products/Debug-iphonesimulator/DailyReader.app/SystemExtensions --scan-folder /Users/pengzishang/Library/Developer/Xcode/DerivedData/知乎日报-SwiftUI-eodslysxiptxuacffaotqhxgmaok/Build/Products/Debug-iphonesimulator/DailyReader.app/Extensions --platform iphonesimulator --toolchain /Applications/Xcode-26.5.0.app/Contents/Developer/Toolchains/XcodeDefault.xctoolchain --destination /Users/pengzishang/Library/Developer/Xcode/DerivedData/知乎日报-SwiftUI-eodslysxiptxuacffaotqhxgmaok/Build/Products/Debug-iphonesimulator/DailyReader.app/Frameworks --strip-bitcode --strip-bitcode-tool /Applications/Xcode-26.5.0.app/Contents/Developer/Toolchains/XcodeDefault.xctoolchain/usr/bin/bitcode_strip --emit-dependency-info /Users/pengzishang/Library/Developer/Xcode/DerivedData/知乎日报-SwiftUI-eodslysxiptxuacffaotqhxgmaok/Build/Intermediates.noindex/知乎日报-SwiftUI.build/Debug-iphonesimulator/DailyReader.build/SwiftStdLibToolInputDependencies.dep --filter-for-swift-os

ProcessInfoPlistFile /Users/pengzishang/Library/Developer/Xcode/DerivedData/知乎日报-SwiftUI-eodslysxiptxuacffaotqhxgmaok/Build/Products/Debug-iphonesimulator/DailyReader.app/PlugIns/DailyReaderTests.xctest/Info.plist /Users/pengzishang/Library/Developer/Xcode/DerivedData/知乎日报-SwiftUI-eodslysxiptxuacffaotqhxgmaok/Build/Intermediates.noindex/知乎日报-SwiftUI.build/Debug-iphonesimulator/DailyReaderTests.build/empty-DailyReaderTests.plist (in target 'DailyReaderTests' from project '知乎日报-SwiftUI')
    cd /Users/pengzishang/Documents/知乎日报-SwiftUI
    builtin-infoPlistUtility /Users/pengzishang/Library/Developer/Xcode/DerivedData/知乎日报-SwiftUI-eodslysxiptxuacffaotqhxgmaok/Build/Intermediates.noindex/知乎日报-SwiftUI.build/Debug-iphonesimulator/DailyReaderTests.build/empty-DailyReaderTests.plist -producttype com.apple.product-type.bundle.unit-test -expandbuildsettings -format binary -platform iphonesimulator -o /Users/pengzishang/Library/Developer/Xcode/DerivedData/知乎日报-SwiftUI-eodslysxiptxuacffaotqhxgmaok/Build/Products/Debug-iphonesimulator/DailyReader.app/PlugIns/DailyReaderTests.xctest/Info.plist

CopySwiftLibs /Users/pengzishang/Library/Developer/Xcode/DerivedData/知乎日报-SwiftUI-eodslysxiptxuacffaotqhxgmaok/Build/Products/Debug-iphonesimulator/DailyReader.app/PlugIns/DailyReaderTests.xctest (in target 'DailyReaderTests' from project '知乎日报-SwiftUI')
    cd /Users/pengzishang/Documents/知乎日报-SwiftUI
    builtin-swiftStdLibTool --copy --verbose --sign - --scan-executable /Users/pengzishang/Library/Developer/Xcode/DerivedData/知乎日报-SwiftUI-eodslysxiptxuacffaotqhxgmaok/Build/Products/Debug-iphonesimulator/DailyReader.app/PlugIns/DailyReaderTests.xctest/DailyReaderTests --scan-folder /Users/pengzishang/Library/Developer/Xcode/DerivedData/知乎日报-SwiftUI-eodslysxiptxuacffaotqhxgmaok/Build/Products/Debug-iphonesimulator/DailyReader.app/PlugIns/DailyReaderTests.xctest/Frameworks --scan-folder /Users/pengzishang/Library/Developer/Xcode/DerivedData/知乎日报-SwiftUI-eodslysxiptxuacffaotqhxgmaok/Build/Products/Debug-iphonesimulator/DailyReader.app/PlugIns/DailyReaderTests.xctest/PlugIns --scan-folder /Users/pengzishang/Library/Developer/Xcode/DerivedData/知乎日报-SwiftUI-eodslysxiptxuacffaotqhxgmaok/Build/Products/Debug-iphonesimulator/DailyReader.app/PlugIns/DailyReaderTests.xctest/SystemExtensions --scan-folder /Users/pengzishang/Library/Developer/Xcode/DerivedData/知乎日报-SwiftUI-eodslysxiptxuacffaotqhxgmaok/Build/Products/Debug-iphonesimulator/DailyReader.app/PlugIns/DailyReaderTests.xctest/Extensions --platform iphonesimulator --toolchain /Applications/Xcode-26.5.0.app/Contents/Developer/Toolchains/XcodeDefault.xctoolchain --destination /Users/pengzishang/Library/Developer/Xcode/DerivedData/知乎日报-SwiftUI-eodslysxiptxuacffaotqhxgmaok/Build/Products/Debug-iphonesimulator/DailyReader.app/PlugIns/DailyReaderTests.xctest/Frameworks --strip-bitcode --scan-executable /Applications/Xcode-26.5.0.app/Contents/Developer/Platforms/iPhoneSimulator.platform/Developer/usr/lib/libXCTestSwiftSupport.dylib --strip-bitcode-tool /Applications/Xcode-26.5.0.app/Contents/Developer/Toolchains/XcodeDefault.xctoolchain/usr/bin/bitcode_strip --emit-dependency-info /Users/pengzishang/Library/Developer/Xcode/DerivedData/知乎日报-SwiftUI-eodslysxiptxuacffaotqhxgmaok/Build/Intermediates.noindex/知乎日报-SwiftUI.build/Debug-iphonesimulator/DailyReaderTests.build/SwiftStdLibToolInputDependencies.dep --filter-for-swift-os

ProcessInfoPlistFile /Users/pengzishang/Library/Developer/Xcode/DerivedData/知乎日报-SwiftUI-eodslysxiptxuacffaotqhxgmaok/Build/Products/Debug-iphonesimulator/DailyReaderUITests-Runner.app/PlugIns/DailyReaderUITests.xctest/Info.plist /Users/pengzishang/Library/Developer/Xcode/DerivedData/知乎日报-SwiftUI-eodslysxiptxuacffaotqhxgmaok/Build/Intermediates.noindex/知乎日报-SwiftUI.build/Debug-iphonesimulator/DailyReaderUITests.build/empty-DailyReaderUITests.plist (in target 'DailyReaderUITests' from project '知乎日报-SwiftUI')
    cd /Users/pengzishang/Documents/知乎日报-SwiftUI
    builtin-infoPlistUtility /Users/pengzishang/Library/Developer/Xcode/DerivedData/知乎日报-SwiftUI-eodslysxiptxuacffaotqhxgmaok/Build/Intermediates.noindex/知乎日报-SwiftUI.build/Debug-iphonesimulator/DailyReaderUITests.build/empty-DailyReaderUITests.plist -producttype com.apple.product-type.bundle.ui-testing -expandbuildsettings -format binary -platform iphonesimulator -additionalcontentfile /Users/pengzishang/Library/Developer/Xcode/DerivedData/知乎日报-SwiftUI-eodslysxiptxuacffaotqhxgmaok/Build/Intermediates.noindex/知乎日报-SwiftUI.build/Debug-iphonesimulator/DailyReaderUITests.build/ProductTypeInfoPlistAdditions.plist -o /Users/pengzishang/Library/Developer/Xcode/DerivedData/知乎日报-SwiftUI-eodslysxiptxuacffaotqhxgmaok/Build/Products/Debug-iphonesimulator/DailyReaderUITests-Runner.app/PlugIns/DailyReaderUITests.xctest/Info.plist

CopySwiftLibs /Users/pengzishang/Library/Developer/Xcode/DerivedData/知乎日报-SwiftUI-eodslysxiptxuacffaotqhxgmaok/Build/Products/Debug-iphonesimulator/DailyReaderUITests-Runner.app/PlugIns/DailyReaderUITests.xctest (in target 'DailyReaderUITests' from project '知乎日报-SwiftUI')
    cd /Users/pengzishang/Documents/知乎日报-SwiftUI
    builtin-swiftStdLibTool --copy --verbose --sign - --scan-executable /Users/pengzishang/Library/Developer/Xcode/DerivedData/知乎日报-SwiftUI-eodslysxiptxuacffaotqhxgmaok/Build/Products/Debug-iphonesimulator/DailyReaderUITests-Runner.app/PlugIns/DailyReaderUITests.xctest/DailyReaderUITests --scan-folder /Users/pengzishang/Library/Developer/Xcode/DerivedData/知乎日报-SwiftUI-eodslysxiptxuacffaotqhxgmaok/Build/Products/Debug-iphonesimulator/DailyReaderUITests-Runner.app/PlugIns/DailyReaderUITests.xctest/Frameworks --scan-folder /Users/pengzishang/Library/Developer/Xcode/DerivedData/知乎日报-SwiftUI-eodslysxiptxuacffaotqhxgmaok/Build/Products/Debug-iphonesimulator/DailyReaderUITests-Runner.app/PlugIns/DailyReaderUITests.xctest/PlugIns --scan-folder /Users/pengzishang/Library/Developer/Xcode/DerivedData/知乎日报-SwiftUI-eodslysxiptxuacffaotqhxgmaok/Build/Products/Debug-iphonesimulator/DailyReaderUITests-Runner.app/PlugIns/DailyReaderUITests.xctest/SystemExtensions --scan-folder /Users/pengzishang/Library/Developer/Xcode/DerivedData/知乎日报-SwiftUI-eodslysxiptxuacffaotqhxgmaok/Build/Products/Debug-iphonesimulator/DailyReaderUITests-Runner.app/PlugIns/DailyReaderUITests.xctest/Extensions --platform iphonesimulator --toolchain /Applications/Xcode-26.5.0.app/Contents/Developer/Toolchains/XcodeDefault.xctoolchain --destination /Users/pengzishang/Library/Developer/Xcode/DerivedData/知乎日报-SwiftUI-eodslysxiptxuacffaotqhxgmaok/Build/Products/Debug-iphonesimulator/DailyReaderUITests-Runner.app/PlugIns/DailyReaderUITests.xctest/Frameworks --strip-bitcode --scan-executable /Applications/Xcode-26.5.0.app/Contents/Developer/Platforms/iPhoneSimulator.platform/Developer/usr/lib/libXCTestSwiftSupport.dylib --strip-bitcode-tool /Applications/Xcode-26.5.0.app/Contents/Developer/Toolchains/XcodeDefault.xctoolchain/usr/bin/bitcode_strip --emit-dependency-info /Users/pengzishang/Library/Developer/Xcode/DerivedData/知乎日报-SwiftUI-eodslysxiptxuacffaotqhxgmaok/Build/Intermediates.noindex/知乎日报-SwiftUI.build/Debug-iphonesimulator/DailyReaderUITests.build/SwiftStdLibToolInputDependencies.dep --filter-for-swift-os

2026-06-21 14:46:07.988027+0800 DailyReader[63988:3189116] [] nw_protocol_instance_set_output_handler Not calling remove_input_handler on 0x106275a00:socket
2026-06-21 14:46:07.988854+0800 DailyReader[63988:3189116] [connection] nw_connection_copy_connected_local_endpoint_block_invoke [C1] Connection has no local endpoint
2026-06-21 14:46:07.989742+0800 DailyReader[63988:3189116] [connection] nw_connection_copy_connected_local_endpoint_block_invoke [C1] Connection has no local endpoint
2026-06-21 14:46:08.028665+0800 DailyReader[63988:3189116] [quic] quic_conn_process_inbound [C1.1.1.1:2] [-cbd84ed66d71290d] unable to parse packet
Test Suite 'All tests' started at 2026-06-21 14:46:08.506.
Test Suite 'DailyReaderTests.xctest' started at 2026-06-21 14:46:08.509.
Test Suite 'ArticleDetailViewModelTests' started at 2026-06-21 14:46:08.509.
Test Case '-[DailyReaderTests.ArticleDetailViewModelTests testEmptyBodyStillLoadsDetailForUnavailableContentState]' started.
Test Case '-[DailyReaderTests.ArticleDetailViewModelTests testEmptyBodyStillLoadsDetailForUnavailableContentState]' passed (0.622 seconds).
Test Case '-[DailyReaderTests.ArticleDetailViewModelTests testInvalidShareLinkIsRejected]' started.
Test Case '-[DailyReaderTests.ArticleDetailViewModelTests testInvalidShareLinkIsRejected]' passed (0.002 seconds).
Test Case '-[DailyReaderTests.ArticleDetailViewModelTests testLoadDetailFailureWithoutCacheShowsRetryableError]' started.
Test Case '-[DailyReaderTests.ArticleDetailViewModelTests testLoadDetailFailureWithoutCacheShowsRetryableError]' passed (0.003 seconds).
Test Case '-[DailyReaderTests.ArticleDetailViewModelTests testLoadDetailFallsBackToCachedDetail]' started.
Test Case '-[DailyReaderTests.ArticleDetailViewModelTests testLoadDetailFallsBackToCachedDetail]' passed (0.003 seconds).
Test Case '-[DailyReaderTests.ArticleDetailViewModelTests testLoadDetailFallsBackToDetailURLBeforeListURL]' started.
Test Case '-[DailyReaderTests.ArticleDetailViewModelTests testLoadDetailFallsBackToDetailURLBeforeListURL]' passed (0.002 seconds).
Test Case '-[DailyReaderTests.ArticleDetailViewModelTests testLoadDetailUsesDetailShareURLFirst]' started.
Test Case '-[DailyReaderTests.ArticleDetailViewModelTests testLoadDetailUsesDetailShareURLFirst]' passed (0.002 seconds).
Test Case '-[DailyReaderTests.ArticleDetailViewModelTests testMissingShareLinkDoesNotProduceFallbackGarbageURL]' started.
Test Case '-[DailyReaderTests.ArticleDetailViewModelTests testMissingShareLinkDoesNotProduceFallbackGarbageURL]' passed (0.002 seconds).
Test Case '-[DailyReaderTests.ArticleDetailViewModelTests testShareTitleUsesDisplayedDetailTitle]' started.
Test Case '-[DailyReaderTests.ArticleDetailViewModelTests testShareTitleUsesDisplayedDetailTitle]' passed (0.002 seconds).
Test Suite 'ArticleDetailViewModelTests' passed at 2026-06-21 14:46:09.153.
	 Executed 8 tests, with 0 failures (0 unexpected) in 0.638 (0.644) seconds
Test Suite 'CacheStoreTests' started at 2026-06-21 14:46:09.153.
Test Case '-[DailyReaderTests.CacheStoreTests testBrokenCacheFileReturnsNilInsteadOfCrashing]' started.
Test Case '-[DailyReaderTests.CacheStoreTests testBrokenCacheFileReturnsNilInsteadOfCrashing]' passed (0.004 seconds).
Test Case '-[DailyReaderTests.CacheStoreTests testCachePersistsAcrossStoreInstances]' started.
Test Case '-[DailyReaderTests.CacheStoreTests testCachePersistsAcrossStoreInstances]' passed (0.004 seconds).
Test Case '-[DailyReaderTests.CacheStoreTests testDailyListCacheKeepsMostRecentThirtyEntries]' started.
Test Case '-[DailyReaderTests.CacheStoreTests testDailyListCacheKeepsMostRecentThirtyEntries]' passed (0.033 seconds).
Test Case '-[DailyReaderTests.CacheStoreTests testSaveAndLoadLatestDailyResponse]' started.
Test Case '-[DailyReaderTests.CacheStoreTests testSaveAndLoadLatestDailyResponse]' passed (0.004 seconds).
Test Suite 'CacheStoreTests' passed at 2026-06-21 14:46:09.199.
	 Executed 4 tests, with 0 failures (0 unexpected) in 0.045 (0.046) seconds
Test Suite 'HomeViewModelTests' started at 2026-06-21 14:46:09.200.
Test Case '-[DailyReaderTests.HomeViewModelTests testLoadLatestShowsNetworkContent]' started.
Test Case '-[DailyReaderTests.HomeViewModelTests testLoadLatestShowsNetworkContent]' passed (0.004 seconds).
Test Case '-[DailyReaderTests.HomeViewModelTests testLoadMoreDeduplicatesStories]' started.
Test Case '-[DailyReaderTests.HomeViewModelTests testLoadMoreDeduplicatesStories]' passed (0.003 seconds).
Test Case '-[DailyReaderTests.HomeViewModelTests testLoadMoreFailureKeepsExistingStoriesAndExposesRetryState]' started.
Test Case '-[DailyReaderTests.HomeViewModelTests testLoadMoreFailureKeepsExistingStoriesAndExposesRetryState]' passed (0.002 seconds).
Test Case '-[DailyReaderTests.HomeViewModelTests testNetworkFailureFallsBackToCachedLatest]' started.
Test Case '-[DailyReaderTests.HomeViewModelTests testNetworkFailureFallsBackToCachedLatest]' passed (0.003 seconds).
Test Case '-[DailyReaderTests.HomeViewModelTests testNetworkFailureWithoutCacheShowsRetryableErrorState]' started.
Test Case '-[DailyReaderTests.HomeViewModelTests testNetworkFailureWithoutCacheShowsRetryableErrorState]' passed (0.001 seconds).
Test Case '-[DailyReaderTests.HomeViewModelTests testRefreshFailureKeepsLoadedHistorySections]' started.
Test Case '-[DailyReaderTests.HomeViewModelTests testRefreshFailureKeepsLoadedHistorySections]' passed (0.003 seconds).
Test Case '-[DailyReaderTests.HomeViewModelTests testRefreshFailureWithoutCacheKeepsVisibleContent]' started.
Test Case '-[DailyReaderTests.HomeViewModelTests testRefreshFailureWithoutCacheKeepsVisibleContent]' passed (0.002 seconds).
Test Suite 'HomeViewModelTests' passed at 2026-06-21 14:46:09.221.
	 Executed 7 tests, with 0 failures (0 unexpected) in 0.019 (0.021) seconds
Test Suite 'ZhihuDailyAPITests' started at 2026-06-21 14:46:09.221.
Test Case '-[DailyReaderTests.ZhihuDailyAPITests testFetchBeforeUsesBeforePathAndUserAgent]' started.
Test Case '-[DailyReaderTests.ZhihuDailyAPITests testFetchBeforeUsesBeforePathAndUserAgent]' passed (0.006 seconds).
Test Case '-[DailyReaderTests.ZhihuDailyAPITests testFetchDetailParsesShareURL]' started.
Test Case '-[DailyReaderTests.ZhihuDailyAPITests testFetchDetailParsesShareURL]' passed (0.002 seconds).
Test Case '-[DailyReaderTests.ZhihuDailyAPITests testFetchLatestParsesStoriesAndTopStories]' started.
Test Case '-[DailyReaderTests.ZhihuDailyAPITests testFetchLatestParsesStoriesAndTopStories]' passed (0.001 seconds).
Test Case '-[DailyReaderTests.ZhihuDailyAPITests testFetchLatestSkipsBrokenStoryInsteadOfFailingWholeResponse]' started.
Test Case '-[DailyReaderTests.ZhihuDailyAPITests testFetchLatestSkipsBrokenStoryInsteadOfFailingWholeResponse]' passed (0.002 seconds).
Test Case '-[DailyReaderTests.ZhihuDailyAPITests testMalformedJSONThrowsDecodeError]' started.
Test Case '-[DailyReaderTests.ZhihuDailyAPITests testMalformedJSONThrowsDecodeError]' passed (0.003 seconds).
Test Case '-[DailyReaderTests.ZhihuDailyAPITests testNon2xxThrowsHTTPStatus]' started.
Test Case '-[DailyReaderTests.ZhihuDailyAPITests testNon2xxThrowsHTTPStatus]' passed (0.001 seconds).
Test Suite 'ZhihuDailyAPITests' passed at 2026-06-21 14:46:09.238.
	 Executed 6 tests, with 0 failures (0 unexpected) in 0.015 (0.017) seconds
Test Suite 'DailyReaderTests.xctest' passed at 2026-06-21 14:46:09.239.
	 Executed 25 tests, with 0 failures (0 unexpected) in 0.716 (0.730) seconds
Test Suite 'All tests' passed at 2026-06-21 14:46:09.239.
	 Executed 25 tests, with 0 failures (0 unexpected) in 0.716 (0.733) seconds
2026-06-21 14:46:09.523 xcodebuild[63403:3187852] [MT] IDETestOperationsObserverDebug: 5.831 elapsed -- Testing started completed.
2026-06-21 14:46:09.524 xcodebuild[63403:3187852] [MT] IDETestOperationsObserverDebug: 0.000 sec, +0.000 sec -- start
2026-06-21 14:46:09.524 xcodebuild[63403:3187852] [MT] IDETestOperationsObserverDebug: 5.831 sec, +5.831 sec -- end

Test session results, code coverage, and logs:
	/Users/pengzishang/Documents/知乎日报-SwiftUI/docs/v1.0/acceptance-reports/20260621-acceptance-evidence/second-round-unit.xcresult

** TEST SUCCEEDED ** [8.995 sec]

Testing started
